<?xml version="1.0" encoding="UTF-8"?>
<testsuite name="ru.stq.java.addressbook.tests.GroupModificationTest" tests="1" skipped="0" failures="1" errors="0" timestamp="2019-10-13T10:21:34" hostname="DESKTOP-OPO1NB3" time="2.358">
  <properties/>
  <testcase name="testGroupModification" classname="ru.stq.java.addressbook.tests.GroupModificationTest" time="2.358">
    <failure message="java.lang.AssertionError: &#13;&#10;Expected: &lt;[GroupData{id='81', name='test 4'}, GroupData{id='83', name='test 1'}, GroupData{id='85', name='test 3'}, GroupData{id='63', name='group1'}, GroupData{id='65', name='group3'}, GroupData{id='61', name='group2'}, GroupData{id='73', name='test 1'}, GroupData{id='75', name='test 3'}, GroupData{id='32', name='group1'}, GroupData{id='66', name='test 0'}, GroupData{id='68', name='test 2'}, GroupData{id='70', name='test 4'}, GroupData{id='79', name='group1'}, GroupData{id='52', name='group3'}, GroupData{id='48', name='group1'}, GroupData{id='50', name='group3'}, GroupData{id='78', name='test 1'}, GroupData{id='80', name='test 3'}, GroupData{id='82', name='test 0'}, GroupData{id='84', name='test 2'}, GroupData{id='86', name='test 4'}, GroupData{id='64', name='group2'}, GroupData{id='60', name='group1'}, GroupData{id='62', name='group3'}, GroupData{id='72', name='test 0'}, GroupData{id='74', name='test 2'}, GroupData{id='76', name='test 4'}, GroupData{id='67', name='test 1'}, GroupData{id='69', name='test 3'}, GroupData{id='71', name='test 5'}, GroupData{id='47', name='group1'}, GroupData{id='53', name='group3'}, GroupData{id='49', name='group1'}, GroupData{id='51', name='group3'}]&gt;&#13;&#10;     but: was &lt;[GroupData{id='83', name='test 1'}, GroupData{id='85', name='test 3'}, GroupData{id='63', name='group1'}, GroupData{id='65', name='group3'}, GroupData{id='61', name='group2'}, GroupData{id='73', name='test 1'}, GroupData{id='75', name='test 3'}, GroupData{id='32', name='group1'}, GroupData{id='66', name='test 0'}, GroupData{id='68', name='test 2'}, GroupData{id='70', name='test 4'}, GroupData{id='79', name='group1'}, GroupData{id='52', name='group3'}, GroupData{id='48', name='group1'}, GroupData{id='50', name='group3'}, GroupData{id='81', name='group1'}, GroupData{id='78', name='test 1'}, GroupData{id='80', name='test 3'}, GroupData{id='82', name='test 0'}, GroupData{id='84', name='test 2'}, GroupData{id='86', name='test 4'}, GroupData{id='64', name='group2'}, GroupData{id='60', name='group1'}, GroupData{id='62', name='group3'}, GroupData{id='72', name='test 0'}, GroupData{id='74', name='test 2'}, GroupData{id='76', name='test 4'}, GroupData{id='67', name='test 1'}, GroupData{id='69', name='test 3'}, GroupData{id='71', name='test 5'}, GroupData{id='47', name='group1'}, GroupData{id='53', name='group3'}, GroupData{id='49', name='group1'}, GroupData{id='51', name='group3'}]&gt;" type="java.lang.AssertionError">java.lang.AssertionError: 
Expected: &lt;[GroupData{id='81', name='test 4'}, GroupData{id='83', name='test 1'}, GroupData{id='85', name='test 3'}, GroupData{id='63', name='group1'}, GroupData{id='65', name='group3'}, GroupData{id='61', name='group2'}, GroupData{id='73', name='test 1'}, GroupData{id='75', name='test 3'}, GroupData{id='32', name='group1'}, GroupData{id='66', name='test 0'}, GroupData{id='68', name='test 2'}, GroupData{id='70', name='test 4'}, GroupData{id='79', name='group1'}, GroupData{id='52', name='group3'}, GroupData{id='48', name='group1'}, GroupData{id='50', name='group3'}, GroupData{id='78', name='test 1'}, GroupData{id='80', name='test 3'}, GroupData{id='82', name='test 0'}, GroupData{id='84', name='test 2'}, GroupData{id='86', name='test 4'}, GroupData{id='64', name='group2'}, GroupData{id='60', name='group1'}, GroupData{id='62', name='group3'}, GroupData{id='72', name='test 0'}, GroupData{id='74', name='test 2'}, GroupData{id='76', name='test 4'}, GroupData{id='67', name='test 1'}, GroupData{id='69', name='test 3'}, GroupData{id='71', name='test 5'}, GroupData{id='47', name='group1'}, GroupData{id='53', name='group3'}, GroupData{id='49', name='group1'}, GroupData{id='51', name='group3'}]&gt;
     but: was &lt;[GroupData{id='83', name='test 1'}, GroupData{id='85', name='test 3'}, GroupData{id='63', name='group1'}, GroupData{id='65', name='group3'}, GroupData{id='61', name='group2'}, GroupData{id='73', name='test 1'}, GroupData{id='75', name='test 3'}, GroupData{id='32', name='group1'}, GroupData{id='66', name='test 0'}, GroupData{id='68', name='test 2'}, GroupData{id='70', name='test 4'}, GroupData{id='79', name='group1'}, GroupData{id='52', name='group3'}, GroupData{id='48', name='group1'}, GroupData{id='50', name='group3'}, GroupData{id='81', name='group1'}, GroupData{id='78', name='test 1'}, GroupData{id='80', name='test 3'}, GroupData{id='82', name='test 0'}, GroupData{id='84', name='test 2'}, GroupData{id='86', name='test 4'}, GroupData{id='64', name='group2'}, GroupData{id='60', name='group1'}, GroupData{id='62', name='group3'}, GroupData{id='72', name='test 0'}, GroupData{id='74', name='test 2'}, GroupData{id='76', name='test 4'}, GroupData{id='67', name='test 1'}, GroupData{id='69', name='test 3'}, GroupData{id='71', name='test 5'}, GroupData{id='47', name='group1'}, GroupData{id='53', name='group3'}, GroupData{id='49', name='group1'}, GroupData{id='51', name='group3'}]&gt;
	at org.hamcrest.MatcherAssert.assertThat(MatcherAssert.java:20)
	at org.hamcrest.MatcherAssert.assertThat(MatcherAssert.java:6)
	at ru.stq.java.addressbook.tests.GroupModificationTest.testGroupModification(GroupModificationTest.java:30)
	at java.base/jdk.internal.reflect.NativeMethodAccessorImpl.invoke0(Native Method)
	at java.base/jdk.internal.reflect.NativeMethodAccessorImpl.invoke(NativeMethodAccessorImpl.java:62)
	at java.base/jdk.internal.reflect.DelegatingMethodAccessorImpl.invoke(DelegatingMethodAccessorImpl.java:43)
	at java.base/java.lang.reflect.Method.invoke(Method.java:567)
	at org.testng.internal.MethodInvocationHelper.invokeMethod(MethodInvocationHelper.java:133)
	at org.testng.internal.TestInvoker.invokeMethod(TestInvoker.java:584)
	at org.testng.internal.TestInvoker.invokeTestMethod(TestInvoker.java:172)
	at org.testng.internal.MethodRunner.runInSequence(MethodRunner.java:46)
	at org.testng.internal.TestInvoker$MethodInvocationAgent.invoke(TestInvoker.java:804)
	at org.testng.internal.TestInvoker.invokeTestMethods(TestInvoker.java:145)
	at org.testng.internal.TestMethodWorker.invokeTestMethods(TestMethodWorker.java:146)
	at org.testng.internal.TestMethodWorker.run(TestMethodWorker.java:128)
	at java.base/java.util.ArrayList.forEach(ArrayList.java:1540)
	at org.testng.TestRunner.privateRun(TestRunner.java:770)
	at org.testng.TestRunner.run(TestRunner.java:591)
	at org.testng.SuiteRunner.runTest(SuiteRunner.java:402)
	at org.testng.SuiteRunner.runSequentially(SuiteRunner.java:396)
	at org.testng.SuiteRunner.privateRun(SuiteRunner.java:355)
	at org.testng.SuiteRunner.run(SuiteRunner.java:304)
	at org.testng.SuiteRunnerWorker.runSuite(SuiteRunnerWorker.java:53)
	at org.testng.SuiteRunnerWorker.run(SuiteRunnerWorker.java:96)
	at org.testng.TestNG.runSuitesSequentially(TestNG.java:1180)
	at org.testng.TestNG.runSuitesLocally(TestNG.java:1102)
	at org.testng.TestNG.runSuites(TestNG.java:1032)
	at org.testng.TestNG.run(TestNG.java:1000)
	at org.gradle.api.internal.tasks.testing.testng.TestNGTestClassProcessor.runTests(TestNGTestClassProcessor.java:141)
	at org.gradle.api.internal.tasks.testing.testng.TestNGTestClassProcessor.stop(TestNGTestClassProcessor.java:90)
	at org.gradle.api.internal.tasks.testing.SuiteTestClassProcessor.stop(SuiteTestClassProcessor.java:61)
	at java.base/jdk.internal.reflect.NativeMethodAccessorImpl.invoke0(Native Method)
	at java.base/jdk.internal.reflect.NativeMethodAccessorImpl.invoke(NativeMethodAccessorImpl.java:62)
	at java.base/jdk.internal.reflect.DelegatingMethodAccessorImpl.invoke(DelegatingMethodAccessorImpl.java:43)
	at java.base/java.lang.reflect.Method.invoke(Method.java:567)
	at org.gradle.internal.dispatch.ReflectionDispatch.dispatch(ReflectionDispatch.java:36)
	at org.gradle.internal.dispatch.ReflectionDispatch.dispatch(ReflectionDispatch.java:24)
	at org.gradle.internal.dispatch.ContextClassLoaderDispatch.dispatch(ContextClassLoaderDispatch.java:33)
	at org.gradle.internal.dispatch.ProxyDispatchAdapter$DispatchingInvocationHandler.invoke(ProxyDispatchAdapter.java:94)
	at com.sun.proxy.$Proxy2.stop(Unknown Source)
	at org.gradle.api.internal.tasks.testing.worker.TestWorker.stop(TestWorker.java:132)
	at java.base/jdk.internal.reflect.NativeMethodAccessorImpl.invoke0(Native Method)
	at java.base/jdk.internal.reflect.NativeMethodAccessorImpl.invoke(NativeMethodAccessorImpl.java:62)
	at java.base/jdk.internal.reflect.DelegatingMethodAccessorImpl.invoke(DelegatingMethodAccessorImpl.java:43)
	at java.base/java.lang.reflect.Method.invoke(Method.java:567)
	at org.gradle.internal.dispatch.ReflectionDispatch.dispatch(ReflectionDispatch.java:36)
	at org.gradle.internal.dispatch.ReflectionDispatch.dispatch(ReflectionDispatch.java:24)
	at org.gradle.internal.remote.internal.hub.MessageHubBackedObjectConnection$DispatchWrapper.dispatch(MessageHubBackedObjectConnection.java:182)
	at org.gradle.internal.remote.internal.hub.MessageHubBackedObjectConnection$DispatchWrapper.dispatch(MessageHubBackedObjectConnection.java:164)
	at org.gradle.internal.remote.internal.hub.MessageHub$Handler.run(MessageHub.java:412)
	at org.gradle.internal.concurrent.ExecutorPolicy$CatchAndRecordFailures.onExecute(ExecutorPolicy.java:64)
	at org.gradle.internal.concurrent.ManagedExecutorImpl$1.run(ManagedExecutorImpl.java:48)
	at java.base/java.util.concurrent.ThreadPoolExecutor.runWorker(ThreadPoolExecutor.java:1128)
	at java.base/java.util.concurrent.ThreadPoolExecutor$Worker.run(ThreadPoolExecutor.java:628)
	at org.gradle.internal.concurrent.ThreadFactoryImpl$ManagedThreadRunnable.run(ThreadFactoryImpl.java:56)
	at java.base/java.lang.Thread.run(Thread.java:835)
</failure>
  </testcase>
  <system-out><![CDATA[]]></system-out>
  <system-err><![CDATA[]]></system-err>
</testsuite>
